-------------------------------------------------------------------------------
Test set: com.example.springapp.SpringappApplicationTests
-------------------------------------------------------------------------------
Tests run: 8, Failures: 7, Errors: 0, Skipped: 0, Time elapsed: 7.395 s <<< FAILURE! - in com.example.springapp.SpringappApplicationTests
testGetPostById  Time elapsed: 0.179 s  <<< FAILURE!
java.lang.AssertionError: Status expected:<200> but was:<404>
	at com.example.springapp.SpringappApplicationTests.testGetPostById(SpringappApplicationTests.java:44)

testGetCommentAll  Time elapsed: 0.01 s  <<< FAILURE!
java.lang.AssertionError: Status expected:<200> but was:<404>
	at com.example.springapp.SpringappApplicationTests.testGetCommentAll(SpringappApplicationTests.java:79)

testGetPostAll  Time elapsed: 0.015 s  <<< FAILURE!
java.lang.AssertionError: Status expected:<200> but was:<404>
	at com.example.springapp.SpringappApplicationTests.testGetPostAll(SpringappApplicationTests.java:33)

testGetUserAll  Time elapsed: 0.396 s  <<< FAILURE!
java.lang.AssertionError: Status expected:<200> but was:<500>
	at com.example.springapp.SpringappApplicationTests.testGetUserAll(SpringappApplicationTests.java:56)

testGetCommentById  Time elapsed: 0.012 s  <<< FAILURE!
java.lang.AssertionError: Status expected:<200> but was:<404>
	at com.example.springapp.SpringappApplicationTests.testGetCommentById(SpringappApplicationTests.java:90)

testGetUserById  Time elapsed: 0.064 s  <<< FAILURE!
java.lang.AssertionError: Status expected:<200> but was:<500>
	at com.example.springapp.SpringappApplicationTests.testGetUserById(SpringappApplicationTests.java:67)

test_case2  Time elapsed: 0 s  <<< FAILURE!
java.lang.AssertionError
	at com.example.springapp.SpringappApplicationTests.test_case2(SpringappApplicationTests.java:109)

