<?xml version="1.0" encoding="UTF-8"?>
<testsuite xmlns:xsi="http://www.w3.org/2001/XMLSchema-instance" xsi:noNamespaceSchemaLocation="https://maven.apache.org/surefire/maven-surefire-plugin/xsd/surefire-test-report-3.0.xsd" version="3.0" name="com.example.springapp.SpringappApplicationTests" time="6.518" tests="1" errors="0" skipped="0" failures="0">
  <properties>
[...]
</properties>
  <testcase name="contextLoads" classname="com.example.springapp.SpringappApplicationTests" time="0.977">
    <system-out><![CDATA[10:31:24.063 [main] INFO org.springframework.test.context.support.AnnotationConfigContextLoaderUtils -- Could not detect default configuration classes for test class [com.example.springapp.SpringappApplicationTests]: SpringappApplicationTests does not declare any static, non-private, non-final, nested classes annotated with @Configuration.
10:31:24.224 [main] INFO org.springframework.boot.test.context.SpringBootTestContextBootstrapper -- Found @SpringBootConfiguration com.example.springapp.SpringappApplication for test class com.example.springapp.SpringappApplicationTests

  .   ____          _            __ _ _
 /\\ / ___'_ __ _ _(_)_ __  __ _ \ \ \ \
( ( )\___ | '_ | '_| | '_ \/ _` | \ \ \ \
 \\/  ___)| |_)| | | | | || (_| |  ) ) ) )
  '  |____| .__|_| |_|_| |_\__, | / / / /
 =========|_|==============|___/=/_/_/_/
 :: Spring Boot ::                (v3.1.1)

2023-06-28T10:31:24.903Z  INFO 8529 --- [           main] c.e.springapp.SpringappApplicationTests  : Starting SpringappApplicationTests using Java 17.0.6 with PID 8529 (started by coder in /home/coder/project/workspace/springapp)
2023-06-28T10:31:24.905Z  INFO 8529 --- [           main] c.e.springapp.SpringappApplicationTests  : No active profile set, falling back to 1 default profile: "default"
2023-06-28T10:31:26.116Z  INFO 8529 --- [           main] .s.d.r.c.RepositoryConfigurationDelegate : Bootstrapping Spring Data JPA repositories in DEFAULT mode.
2023-06-28T10:31:26.138Z  INFO 8529 --- [           main] .s.d.r.c.RepositoryConfigurationDelegate : Finished Spring Data repository scanning in 13 ms. Found 0 JPA repository interfaces.
2023-06-28T10:31:26.858Z  INFO 8529 --- [           main] o.hibernate.jpa.internal.util.LogHelper  : HHH000204: Processing PersistenceUnitInfo [name: default]
2023-06-28T10:31:26.928Z  INFO 8529 --- [           main] org.hibernate.Version                    : HHH000412: Hibernate ORM core version 6.2.5.Final
2023-06-28T10:31:26.930Z  INFO 8529 --- [           main] org.hibernate.cfg.Environment            : HHH000406: Using bytecode reflection optimizer
2023-06-28T10:31:27.089Z  INFO 8529 --- [           main] o.h.b.i.BytecodeProviderInitiator        : HHH000021: Bytecode provider name : bytebuddy
2023-06-28T10:31:27.218Z  INFO 8529 --- [           main] o.s.o.j.p.SpringPersistenceUnitInfo      : No LoadTimeWeaver setup: ignoring JPA class transformer
2023-06-28T10:31:27.258Z  INFO 8529 --- [           main] com.zaxxer.hikari.HikariDataSource       : HikariPool-1 - Starting...
2023-06-28T10:31:27.478Z  INFO 8529 --- [           main] com.zaxxer.hikari.pool.HikariPool        : HikariPool-1 - Added connection com.mysql.cj.jdbc.ConnectionImpl@4b28a7bf
2023-06-28T10:31:27.490Z  INFO 8529 --- [           main] com.zaxxer.hikari.HikariDataSource       : HikariPool-1 - Start completed.
2023-06-28T10:31:27.583Z  WARN 8529 --- [           main] org.hibernate.dialect.Dialect            : HHH000511: The 5.6.51 version for [org.hibernate.dialect.MySQLDialect] is no longer supported, hence certain features may not work properly. The minimum supported version is 5.7.0. Check the community dialects project for available legacy versions.
2023-06-28T10:31:27.768Z  INFO 8529 --- [           main] o.h.b.i.BytecodeProviderInitiator        : HHH000021: Bytecode provider name : bytebuddy
2023-06-28T10:31:28.082Z  INFO 8529 --- [           main] o.h.e.t.j.p.i.JtaPlatformInitiator       : HHH000490: Using JtaPlatform implementation: [org.hibernate.engine.transaction.jta.platform.internal.NoJtaPlatform]
2023-06-28T10:31:28.089Z  INFO 8529 --- [           main] j.LocalContainerEntityManagerFactoryBean : Initialized JPA EntityManagerFactory for persistence unit 'default'
2023-06-28T10:31:28.982Z  WARN 8529 --- [           main] .s.s.UserDetailsServiceAutoConfiguration : 

Using generated security password: 5b7cf4c1-beeb-4fac-98a4-8d865cbef0e4

This generated password is for development use only. Your security configuration must be updated before running your application in production.

2023-06-28T10:31:29.212Z  INFO 8529 --- [           main] o.s.s.web.DefaultSecurityFilterChain     : Will secure any request with [org.springframework.security.web.session.DisableEncodeUrlFilter@11dbcb3b, org.springframework.security.web.context.request.async.WebAsyncManagerIntegrationFilter@4aa517c3, org.springframework.security.web.context.SecurityContextHolderFilter@2c2e5e72, org.springframework.security.web.header.HeaderWriterFilter@771cbd13, org.springframework.security.web.csrf.CsrfFilter@c6244e7, org.springframework.security.web.authentication.logout.LogoutFilter@4e79c25, org.springframework.security.web.authentication.UsernamePasswordAuthenticationFilter@5100c143, org.springframework.security.web.authentication.ui.DefaultLoginPageGeneratingFilter@4fe4503a, org.springframework.security.web.authentication.ui.DefaultLogoutPageGeneratingFilter@5f369fc6, org.springframework.security.web.authentication.www.BasicAuthenticationFilter@1af82ba8, org.springframework.security.web.savedrequest.RequestCacheAwareFilter@26888c31, org.springframework.security.web.servletapi.SecurityContextHolderAwareRequestFilter@626df173, org.springframework.security.web.authentication.AnonymousAuthenticationFilter@3a13f663, org.springframework.security.web.access.ExceptionTranslationFilter@35555145, org.springframework.security.web.access.intercept.AuthorizationFilter@4a47bc9c]
2023-06-28T10:31:29.279Z  INFO 8529 --- [           main] c.e.springapp.SpringappApplicationTests  : Started SpringappApplicationTests in 4.789 seconds (process running for 6.377)
]]></system-out>
  </testcase>
</testsuite>